10-Dec-2020 05:45:30.649 정보 [main] org.apache.catalina.startup.VersionLoggerListener.log 서버 버전 이름:    Apache Tomcat/8.5.60
10-Dec-2020 05:45:30.652 정보 [main] org.apache.catalina.startup.VersionLoggerListener.log Server 빌드 시각:  Nov 12 2020 17:31:55 UTC
10-Dec-2020 05:45:30.653 정보 [main] org.apache.catalina.startup.VersionLoggerListener.log Server 버전 번호:  8.5.60.0
10-Dec-2020 05:45:30.653 정보 [main] org.apache.catalina.startup.VersionLoggerListener.log 운영체제 이름:     Windows 10
10-Dec-2020 05:45:30.653 정보 [main] org.apache.catalina.startup.VersionLoggerListener.log 운영체제 버전:     10.0
10-Dec-2020 05:45:30.653 정보 [main] org.apache.catalina.startup.VersionLoggerListener.log 아키텍처:          amd64
10-Dec-2020 05:45:30.653 정보 [main] org.apache.catalina.startup.VersionLoggerListener.log 자바 홈:           C:\Program Files\Java\jdk1.8.0_271\jre
10-Dec-2020 05:45:30.653 정보 [main] org.apache.catalina.startup.VersionLoggerListener.log JVM 버전:          1.8.0_271-b09
10-Dec-2020 05:45:30.653 정보 [main] org.apache.catalina.startup.VersionLoggerListener.log JVM 벤더:          Oracle Corporation
10-Dec-2020 05:45:30.654 정보 [main] org.apache.catalina.startup.VersionLoggerListener.log CATALINA_BASE:     C:\Program Files\Apache Software Foundation\Tomcat 8.5
10-Dec-2020 05:45:30.654 정보 [main] org.apache.catalina.startup.VersionLoggerListener.log CATALINA_HOME:     C:\Program Files\Apache Software Foundation\Tomcat 8.5
10-Dec-2020 05:45:30.654 정보 [main] org.apache.catalina.startup.VersionLoggerListener.log 명령 행 아규먼트:  -Djava.util.logging.config.file=C:\Program Files\Apache Software Foundation\Tomcat 8.5\conf\logging.properties
10-Dec-2020 05:45:30.655 정보 [main] org.apache.catalina.startup.VersionLoggerListener.log 명령 행 아규먼트:  -Djava.util.logging.manager=org.apache.juli.ClassLoaderLogManager
10-Dec-2020 05:45:30.656 정보 [main] org.apache.catalina.startup.VersionLoggerListener.log 명령 행 아규먼트:  -Djdk.tls.ephemeralDHKeySize=2048
10-Dec-2020 05:45:30.657 정보 [main] org.apache.catalina.startup.VersionLoggerListener.log 명령 행 아규먼트:  -Djava.protocol.handler.pkgs=org.apache.catalina.webresources
10-Dec-2020 05:45:30.658 정보 [main] org.apache.catalina.startup.VersionLoggerListener.log 명령 행 아규먼트:  -Dignore.endorsed.dirs=
10-Dec-2020 05:45:30.658 정보 [main] org.apache.catalina.startup.VersionLoggerListener.log 명령 행 아규먼트:  -Dcatalina.base=C:\Program Files\Apache Software Foundation\Tomcat 8.5
10-Dec-2020 05:45:30.659 정보 [main] org.apache.catalina.startup.VersionLoggerListener.log 명령 행 아규먼트:  -Dcatalina.home=C:\Program Files\Apache Software Foundation\Tomcat 8.5
10-Dec-2020 05:45:30.660 정보 [main] org.apache.catalina.startup.VersionLoggerListener.log 명령 행 아규먼트:  -Djava.io.tmpdir=C:\Program Files\Apache Software Foundation\Tomcat 8.5\temp
10-Dec-2020 05:45:30.660 정보 [main] org.apache.catalina.core.AprLifecycleListener.lifecycleEvent 프로덕션 환경들에서 최적의 성능을 제공하는, APR 기반 Apache Tomcat Native 라이브러리가, 다음 java.library.path에서 발견되지 않습니다: [C:\Program Files\Java\jdk1.8.0_271\bin;C:\Windows\Sun\Java\bin;C:\Windows\system32;C:\Windows;C:\Program Files (x86)\Common Files\Oracle\Java\javapath;C:\Python38\Scripts\;C:\Python38\;C:\app\jihoon\product\11.2.0\client_1\bin;C:\Windows\system32;C:\Windows;C:\Windows\System32\Wbem;C:\Windows\System32\WindowsPowerShell\v1.0\;C:\Windows\System32\OpenSSH\;C:\Program Files\dotnet\;C:\Program Files\Microsoft SQL Server\Client SDK\ODBC\170\Tools\Binn\;C:\Program Files (x86)\Microsoft SQL Server\150\Tools\Binn\;C:\Program Files\Microsoft SQL Server\150\Tools\Binn\;C:\Program Files\Microsoft SQL Server\150\DTS\Binn\;C:\Program Files\Git\cmd;C:\Program Files\nodejs\;C:\ProgramData\chocolatey\bin;C:\Program Files\Java\jdk1.8.0_271\bin;C:\Program Files\MySQL\MySQL Shell 8.0\bin\;C:\Users\jihoon\anaconda3;C:\Users\jihoon\anaconda3\Library\mingw-w64\bin;C:\Users\jihoon\anaconda3\Library\usr\bin;C:\Users\jihoon\anaconda3\Library\bin;C:\Users\jihoon\anaconda3\Scripts;C:\Users\jihoon\AppData\Local\Programs\Python\Python38-32\Scripts\;C:\Users\jihoon\AppData\Local\Programs\Python\Python38-32\;C:\Users\jihoon\AppData\Local\Microsoft\WindowsApps;C:\Users\jihoon\AppData\Local\Programs\Microsoft VS Code\bin;C:\Users\jihoon\.dotnet\tools;C:\Program Files\JetBrains\PyCharm Community Edition 2020.2\bin;;C:\Users\jihoon\AppData\Roaming\npm;.]
10-Dec-2020 05:45:30.772 정보 [main] org.apache.coyote.AbstractProtocol.init 프로토콜 핸들러 ["http-nio-8080"]을(를) 초기화합니다.
10-Dec-2020 05:45:31.099 정보 [main] org.apache.tomcat.util.net.NioSelectorPool.getSharedSelector Using a shared selector for servlet write/read
10-Dec-2020 05:45:31.108 정보 [main] org.apache.catalina.startup.Catalina.load Initialization processed in 723 ms
10-Dec-2020 05:45:31.130 정보 [main] org.apache.catalina.core.StandardService.startInternal 서비스 [Catalina]을(를) 시작합니다.
10-Dec-2020 05:45:31.130 정보 [main] org.apache.catalina.core.StandardEngine.startInternal Starting Servlet Engine: Apache Tomcat/8.5.60
10-Dec-2020 05:45:31.138 정보 [localhost-startStop-1] org.apache.catalina.startup.HostConfig.deployDirectory 웹 애플리케이션 디렉토리 [C:\Program Files\Apache Software Foundation\Tomcat 8.5\webapps\docs]을(를) 배치합니다.
10-Dec-2020 05:45:31.418 정보 [localhost-startStop-1] org.apache.jasper.servlet.TldScanner.scanJars 적어도 하나의 JAR가 TLD들을 찾기 위해 스캔되었으나 아무 것도 찾지 못했습니다. 스캔했으나 TLD가 없는 JAR들의 전체 목록을 보시려면, 로그 레벨을 디버그 레벨로 설정하십시오. 스캔 과정에서 불필요한 JAR들을 건너뛰면, 시스템 시작 시간과 JSP 컴파일 시간을 단축시킬 수 있습니다.
10-Dec-2020 05:45:31.455 정보 [localhost-startStop-1] org.apache.catalina.startup.HostConfig.deployDirectory 웹 애플리케이션 디렉토리 [C:\Program Files\Apache Software Foundation\Tomcat 8.5\webapps\docs]에 대한 배치가 [317] 밀리초에 완료되었습니다.
10-Dec-2020 05:45:31.457 정보 [localhost-startStop-1] org.apache.catalina.startup.HostConfig.deployDirectory 웹 애플리케이션 디렉토리 [C:\Program Files\Apache Software Foundation\Tomcat 8.5\webapps\manager]을(를) 배치합니다.
10-Dec-2020 05:45:31.581 정보 [localhost-startStop-1] org.apache.jasper.servlet.TldScanner.scanJars 적어도 하나의 JAR가 TLD들을 찾기 위해 스캔되었으나 아무 것도 찾지 못했습니다. 스캔했으나 TLD가 없는 JAR들의 전체 목록을 보시려면, 로그 레벨을 디버그 레벨로 설정하십시오. 스캔 과정에서 불필요한 JAR들을 건너뛰면, 시스템 시작 시간과 JSP 컴파일 시간을 단축시킬 수 있습니다.
10-Dec-2020 05:45:31.587 정보 [localhost-startStop-1] org.apache.catalina.startup.HostConfig.deployDirectory 웹 애플리케이션 디렉토리 [C:\Program Files\Apache Software Foundation\Tomcat 8.5\webapps\manager]에 대한 배치가 [130] 밀리초에 완료되었습니다.
10-Dec-2020 05:45:31.588 정보 [localhost-startStop-1] org.apache.catalina.startup.HostConfig.deployDirectory 웹 애플리케이션 디렉토리 [C:\Program Files\Apache Software Foundation\Tomcat 8.5\webapps\ROOT]을(를) 배치합니다.
10-Dec-2020 05:45:31.719 정보 [localhost-startStop-1] org.apache.jasper.servlet.TldScanner.scanJars 적어도 하나의 JAR가 TLD들을 찾기 위해 스캔되었으나 아무 것도 찾지 못했습니다. 스캔했으나 TLD가 없는 JAR들의 전체 목록을 보시려면, 로그 레벨을 디버그 레벨로 설정하십시오. 스캔 과정에서 불필요한 JAR들을 건너뛰면, 시스템 시작 시간과 JSP 컴파일 시간을 단축시킬 수 있습니다.
10-Dec-2020 05:45:31.724 정보 [localhost-startStop-1] org.apache.catalina.startup.HostConfig.deployDirectory 웹 애플리케이션 디렉토리 [C:\Program Files\Apache Software Foundation\Tomcat 8.5\webapps\ROOT]에 대한 배치가 [136] 밀리초에 완료되었습니다.
10-Dec-2020 05:45:31.728 정보 [main] org.apache.coyote.AbstractProtocol.start 프로토콜 핸들러 ["http-nio-8080"]을(를) 시작합니다.
10-Dec-2020 05:45:31.735 정보 [main] org.apache.catalina.startup.Catalina.start Server startup in 626 ms
10-Dec-2020 09:31:36.438 정보 [main] org.apache.catalina.startup.VersionLoggerListener.log 서버 버전 이름:    Apache Tomcat/8.5.60
10-Dec-2020 09:31:36.441 정보 [main] org.apache.catalina.startup.VersionLoggerListener.log Server 빌드 시각:  Nov 12 2020 17:31:55 UTC
10-Dec-2020 09:31:36.441 정보 [main] org.apache.catalina.startup.VersionLoggerListener.log Server 버전 번호:  8.5.60.0
10-Dec-2020 09:31:36.441 정보 [main] org.apache.catalina.startup.VersionLoggerListener.log 운영체제 이름:     Windows 10
10-Dec-2020 09:31:36.442 정보 [main] org.apache.catalina.startup.VersionLoggerListener.log 운영체제 버전:     10.0
10-Dec-2020 09:31:36.442 정보 [main] org.apache.catalina.startup.VersionLoggerListener.log 아키텍처:          amd64
10-Dec-2020 09:31:36.442 정보 [main] org.apache.catalina.startup.VersionLoggerListener.log 자바 홈:           C:\Program Files\Java\jdk1.8.0_271\jre
10-Dec-2020 09:31:36.442 정보 [main] org.apache.catalina.startup.VersionLoggerListener.log JVM 버전:          1.8.0_271-b09
10-Dec-2020 09:31:36.442 정보 [main] org.apache.catalina.startup.VersionLoggerListener.log JVM 벤더:          Oracle Corporation
10-Dec-2020 09:31:36.442 정보 [main] org.apache.catalina.startup.VersionLoggerListener.log CATALINA_BASE:     C:\Program Files\Apache Software Foundation\Tomcat 8.5
10-Dec-2020 09:31:36.442 정보 [main] org.apache.catalina.startup.VersionLoggerListener.log CATALINA_HOME:     C:\Program Files\Apache Software Foundation\Tomcat 8.5
10-Dec-2020 09:31:36.443 정보 [main] org.apache.catalina.startup.VersionLoggerListener.log 명령 행 아규먼트:  -Djava.util.logging.config.file=C:\Program Files\Apache Software Foundation\Tomcat 8.5\conf\logging.properties
10-Dec-2020 09:31:36.444 정보 [main] org.apache.catalina.startup.VersionLoggerListener.log 명령 행 아규먼트:  -Djava.util.logging.manager=org.apache.juli.ClassLoaderLogManager
10-Dec-2020 09:31:36.445 정보 [main] org.apache.catalina.startup.VersionLoggerListener.log 명령 행 아규먼트:  -Djdk.tls.ephemeralDHKeySize=2048
10-Dec-2020 09:31:36.445 정보 [main] org.apache.catalina.startup.VersionLoggerListener.log 명령 행 아규먼트:  -Djava.protocol.handler.pkgs=org.apache.catalina.webresources
10-Dec-2020 09:31:36.446 정보 [main] org.apache.catalina.startup.VersionLoggerListener.log 명령 행 아규먼트:  -Dignore.endorsed.dirs=
10-Dec-2020 09:31:36.447 정보 [main] org.apache.catalina.startup.VersionLoggerListener.log 명령 행 아규먼트:  -Dcatalina.base=C:\Program Files\Apache Software Foundation\Tomcat 8.5
10-Dec-2020 09:31:36.447 정보 [main] org.apache.catalina.startup.VersionLoggerListener.log 명령 행 아규먼트:  -Dcatalina.home=C:\Program Files\Apache Software Foundation\Tomcat 8.5
10-Dec-2020 09:31:36.448 정보 [main] org.apache.catalina.startup.VersionLoggerListener.log 명령 행 아규먼트:  -Djava.io.tmpdir=C:\Program Files\Apache Software Foundation\Tomcat 8.5\temp
10-Dec-2020 09:31:36.449 정보 [main] org.apache.catalina.core.AprLifecycleListener.lifecycleEvent 프로덕션 환경들에서 최적의 성능을 제공하는, APR 기반 Apache Tomcat Native 라이브러리가, 다음 java.library.path에서 발견되지 않습니다: [C:\Program Files\Java\jdk1.8.0_271\bin;C:\Windows\Sun\Java\bin;C:\Windows\system32;C:\Windows;C:\Program Files (x86)\Common Files\Oracle\Java\javapath;C:\Python38\Scripts\;C:\Python38\;C:\app\jihoon\product\11.2.0\client_1\bin;C:\Windows\system32;C:\Windows;C:\Windows\System32\Wbem;C:\Windows\System32\WindowsPowerShell\v1.0\;C:\Windows\System32\OpenSSH\;C:\Program Files\dotnet\;C:\Program Files\Microsoft SQL Server\Client SDK\ODBC\170\Tools\Binn\;C:\Program Files (x86)\Microsoft SQL Server\150\Tools\Binn\;C:\Program Files\Microsoft SQL Server\150\Tools\Binn\;C:\Program Files\Microsoft SQL Server\150\DTS\Binn\;C:\Program Files\Git\cmd;C:\Program Files\nodejs\;C:\ProgramData\chocolatey\bin;C:\Program Files\Java\jdk1.8.0_271\bin;C:\Program Files\MySQL\MySQL Shell 8.0\bin\;C:\Users\jihoon\anaconda3;C:\Users\jihoon\anaconda3\Library\mingw-w64\bin;C:\Users\jihoon\anaconda3\Library\usr\bin;C:\Users\jihoon\anaconda3\Library\bin;C:\Users\jihoon\anaconda3\Scripts;C:\Users\jihoon\AppData\Local\Programs\Python\Python38-32\Scripts\;C:\Users\jihoon\AppData\Local\Programs\Python\Python38-32\;C:\Users\jihoon\AppData\Local\Microsoft\WindowsApps;C:\Users\jihoon\AppData\Local\Programs\Microsoft VS Code\bin;C:\Users\jihoon\.dotnet\tools;C:\Program Files\JetBrains\PyCharm Community Edition 2020.2\bin;;C:\Users\jihoon\AppData\Roaming\npm;.]
10-Dec-2020 09:31:36.605 정보 [main] org.apache.coyote.AbstractProtocol.init 프로토콜 핸들러 ["http-nio-8080"]을(를) 초기화합니다.
10-Dec-2020 09:31:36.939 정보 [main] org.apache.tomcat.util.net.NioSelectorPool.getSharedSelector Using a shared selector for servlet write/read
10-Dec-2020 09:31:36.949 정보 [main] org.apache.catalina.startup.Catalina.load Initialization processed in 760 ms
10-Dec-2020 09:31:36.977 정보 [main] org.apache.catalina.core.StandardService.startInternal 서비스 [Catalina]을(를) 시작합니다.
10-Dec-2020 09:31:36.979 정보 [main] org.apache.catalina.core.StandardEngine.startInternal Starting Servlet Engine: Apache Tomcat/8.5.60
10-Dec-2020 09:31:36.987 정보 [localhost-startStop-1] org.apache.catalina.startup.HostConfig.deployDirectory 웹 애플리케이션 디렉토리 [C:\Program Files\Apache Software Foundation\Tomcat 8.5\webapps\docs]을(를) 배치합니다.
10-Dec-2020 09:31:37.248 정보 [localhost-startStop-1] org.apache.jasper.servlet.TldScanner.scanJars 적어도 하나의 JAR가 TLD들을 찾기 위해 스캔되었으나 아무 것도 찾지 못했습니다. 스캔했으나 TLD가 없는 JAR들의 전체 목록을 보시려면, 로그 레벨을 디버그 레벨로 설정하십시오. 스캔 과정에서 불필요한 JAR들을 건너뛰면, 시스템 시작 시간과 JSP 컴파일 시간을 단축시킬 수 있습니다.
10-Dec-2020 09:31:37.283 정보 [localhost-startStop-1] org.apache.catalina.startup.HostConfig.deployDirectory 웹 애플리케이션 디렉토리 [C:\Program Files\Apache Software Foundation\Tomcat 8.5\webapps\docs]에 대한 배치가 [295] 밀리초에 완료되었습니다.
10-Dec-2020 09:31:37.285 정보 [localhost-startStop-1] org.apache.catalina.startup.HostConfig.deployDirectory 웹 애플리케이션 디렉토리 [C:\Program Files\Apache Software Foundation\Tomcat 8.5\webapps\manager]을(를) 배치합니다.
10-Dec-2020 09:31:37.410 정보 [localhost-startStop-1] org.apache.jasper.servlet.TldScanner.scanJars 적어도 하나의 JAR가 TLD들을 찾기 위해 스캔되었으나 아무 것도 찾지 못했습니다. 스캔했으나 TLD가 없는 JAR들의 전체 목록을 보시려면, 로그 레벨을 디버그 레벨로 설정하십시오. 스캔 과정에서 불필요한 JAR들을 건너뛰면, 시스템 시작 시간과 JSP 컴파일 시간을 단축시킬 수 있습니다.
10-Dec-2020 09:31:37.419 정보 [localhost-startStop-1] org.apache.catalina.startup.HostConfig.deployDirectory 웹 애플리케이션 디렉토리 [C:\Program Files\Apache Software Foundation\Tomcat 8.5\webapps\manager]에 대한 배치가 [134] 밀리초에 완료되었습니다.
10-Dec-2020 09:31:37.421 정보 [localhost-startStop-1] org.apache.catalina.startup.HostConfig.deployDirectory 웹 애플리케이션 디렉토리 [C:\Program Files\Apache Software Foundation\Tomcat 8.5\webapps\ROOT]을(를) 배치합니다.
10-Dec-2020 09:31:37.541 정보 [localhost-startStop-1] org.apache.jasper.servlet.TldScanner.scanJars 적어도 하나의 JAR가 TLD들을 찾기 위해 스캔되었으나 아무 것도 찾지 못했습니다. 스캔했으나 TLD가 없는 JAR들의 전체 목록을 보시려면, 로그 레벨을 디버그 레벨로 설정하십시오. 스캔 과정에서 불필요한 JAR들을 건너뛰면, 시스템 시작 시간과 JSP 컴파일 시간을 단축시킬 수 있습니다.
10-Dec-2020 09:31:37.545 정보 [localhost-startStop-1] org.apache.catalina.startup.HostConfig.deployDirectory 웹 애플리케이션 디렉토리 [C:\Program Files\Apache Software Foundation\Tomcat 8.5\webapps\ROOT]에 대한 배치가 [124] 밀리초에 완료되었습니다.
10-Dec-2020 09:31:37.548 정보 [main] org.apache.coyote.AbstractProtocol.start 프로토콜 핸들러 ["http-nio-8080"]을(를) 시작합니다.
10-Dec-2020 09:31:37.554 정보 [main] org.apache.catalina.startup.Catalina.start Server startup in 602 ms
