[2020-11-30 10:05:25] [info]  [25840] Apache Commons Daemon procrun (1.2.3.0 64-bit) started.
[2020-11-30 10:05:26] [info]  [25840] Debugging 'Tomcat8' service...
[2020-11-30 10:05:26] [info]  [25840] Starting service...
[2020-11-30 10:05:26] [error] [25840] Invalid RuntimeLib specified 'C:\Program Files\Java\jre1.8.0_261\bin\server\jvm.dll'
[2020-11-30 10:05:26] [error] [25840] 지정된 경로를 찾을 수 없습니다.
[2020-11-30 10:05:26] [error] [25840] Failed to load JVM DLL 'C:\Program Files\Java\jre1.8.0_261\bin\server\jvm.dll', home ''.
[2020-11-30 10:05:27] [error] [25840] 지정된 경로를 찾을 수 없습니다.
[2020-11-30 10:05:27] [error] [25840] Failed creating Java 'C:\Program Files\Java\jre1.8.0_261\bin\server\jvm.dll'.
[2020-11-30 10:05:27] [error] [25840] 지정된 경로를 찾을 수 없습니다.
[2020-11-30 10:05:27] [error] [25840] ServiceStart returned 1.
[2020-11-30 10:05:27] [error] [25840] 지정된 경로를 찾을 수 없습니다.
[2020-11-30 10:05:27] [info]  [25840] Debug service finished with exit code 1.
[2020-11-30 10:05:27] [error] [25840] Apache Commons Daemon procrun failed with exit value: 3 (failed to run service as console application).
[2020-11-30 10:05:27] [error] [25840] 지정된 경로를 찾을 수 없습니다.
[2020-11-30 10:05:34] [info]  [14948] Apache Commons Daemon procrun (1.2.3.0 64-bit) started.
[2020-11-30 10:05:34] [info]  [14948] Debugging 'Tomcat8' service...
[2020-11-30 10:05:34] [info]  [14948] Starting service...
[2020-11-30 10:05:34] [error] [14948] Invalid RuntimeLib specified 'C:\Program Files\Java\jre1.8.0_261\bin\server\jvm.dll'
[2020-11-30 10:05:34] [error] [14948] 지정된 경로를 찾을 수 없습니다.
[2020-11-30 10:05:34] [error] [14948] Failed to load JVM DLL 'C:\Program Files\Java\jre1.8.0_261\bin\server\jvm.dll', home ''.
[2020-11-30 10:05:34] [error] [14948] 지정된 경로를 찾을 수 없습니다.
[2020-11-30 10:05:34] [error] [14948] Failed creating Java 'C:\Program Files\Java\jre1.8.0_261\bin\server\jvm.dll'.
[2020-11-30 10:05:34] [error] [14948] 지정된 경로를 찾을 수 없습니다.
[2020-11-30 10:05:34] [error] [14948] ServiceStart returned 1.
[2020-11-30 10:05:34] [error] [14948] 지정된 경로를 찾을 수 없습니다.
[2020-11-30 10:05:34] [info]  [14948] Debug service finished with exit code 1.
[2020-11-30 10:05:34] [error] [14948] Apache Commons Daemon procrun failed with exit value: 3 (failed to run service as console application).
[2020-11-30 10:05:34] [error] [14948] 지정된 경로를 찾을 수 없습니다.
[2020-11-30 10:06:23] [info]  [31876] Apache Commons Daemon procrun (1.2.3.0 64-bit) started.
[2020-11-30 10:06:23] [info]  [31876] Running Service 'Tomcat8'...
[2020-11-30 10:06:23] [info]  [27972] Starting service...
[2020-11-30 10:06:23] [error] [27972] Invalid RuntimeLib specified 'C:\Program Files\Java\jre1.8.0_261\bin\server\jvm.dll'
[2020-11-30 10:06:23] [error] [27972] 지정된 경로를 찾을 수 없습니다.
[2020-11-30 10:06:23] [error] [27972] Failed to load JVM DLL 'C:\Program Files\Java\jre1.8.0_261\bin\server\jvm.dll', home ''.
[2020-11-30 10:06:23] [error] [27972] 지정된 경로를 찾을 수 없습니다.
[2020-11-30 10:06:23] [error] [27972] Failed creating Java 'C:\Program Files\Java\jre1.8.0_261\bin\server\jvm.dll'.
[2020-11-30 10:06:23] [error] [27972] 지정된 경로를 찾을 수 없습니다.
[2020-11-30 10:06:23] [error] [27972] ServiceStart returned 1.
[2020-11-30 10:06:23] [error] [27972] 지정된 경로를 찾을 수 없습니다.
[2020-11-30 10:06:23] [info]  [31876] Run service finished.
[2020-11-30 10:06:24] [info]  [31876] Apache Commons Daemon procrun finished.
[2020-11-30 10:08:44] [info]  [43432] Apache Commons Daemon procrun (1.2.3.0 64-bit) started.
[2020-11-30 10:08:45] [info]  [43432] Running Service 'Tomcat8'...
[2020-11-30 10:08:45] [info]  [23468] Starting service...
[2020-11-30 10:08:45] [error] [23468] Invalid RuntimeLib specified 'C:\Program Files\Java\jre1.8.0_261\bin\server\jvm.dll'
[2020-11-30 10:08:45] [error] [23468] 지정된 경로를 찾을 수 없습니다.
[2020-11-30 10:08:45] [error] [23468] Failed to load JVM DLL 'C:\Program Files\Java\jre1.8.0_261\bin\server\jvm.dll', home ''.
[2020-11-30 10:08:45] [error] [23468] 지정된 경로를 찾을 수 없습니다.
[2020-11-30 10:08:45] [error] [23468] Failed creating Java 'C:\Program Files\Java\jre1.8.0_261\bin\server\jvm.dll'.
[2020-11-30 10:08:45] [error] [23468] 지정된 경로를 찾을 수 없습니다.
[2020-11-30 10:08:45] [error] [23468] ServiceStart returned 1.
[2020-11-30 10:08:45] [error] [23468] 지정된 경로를 찾을 수 없습니다.
[2020-11-30 10:08:45] [info]  [43432] Run service finished.
[2020-11-30 10:08:45] [info]  [43432] Apache Commons Daemon procrun finished.
[2020-11-30 10:11:21] [info]  [47800] Apache Commons Daemon procrun (1.2.3.0 64-bit) started.
[2020-11-30 10:11:21] [info]  [47800] Debugging 'Tomcat8' service...
[2020-11-30 10:11:21] [info]  [47800] Starting service...
[2020-11-30 10:11:21] [error] [47800] Invalid RuntimeLib specified 'C:\Program Files\Java\jre1.8.0_261\bin\server\jvm.dll'
[2020-11-30 10:11:21] [error] [47800] 지정된 경로를 찾을 수 없습니다.
[2020-11-30 10:11:21] [error] [47800] Failed to load JVM DLL 'C:\Program Files\Java\jre1.8.0_261\bin\server\jvm.dll', home ''.
[2020-11-30 10:11:21] [error] [47800] 지정된 경로를 찾을 수 없습니다.
[2020-11-30 10:11:21] [error] [47800] Failed creating Java 'C:\Program Files\Java\jre1.8.0_261\bin\server\jvm.dll'.
[2020-11-30 10:11:21] [error] [47800] 지정된 경로를 찾을 수 없습니다.
[2020-11-30 10:11:21] [error] [47800] ServiceStart returned 1.
[2020-11-30 10:11:21] [error] [47800] 지정된 경로를 찾을 수 없습니다.
[2020-11-30 10:11:22] [info]  [47800] Debug service finished with exit code 1.
[2020-11-30 10:11:22] [error] [47800] Apache Commons Daemon procrun failed with exit value: 3 (failed to run service as console application).
[2020-11-30 10:11:22] [error] [47800] 지정된 경로를 찾을 수 없습니다.
[2020-11-30 10:11:23] [info]  [29880] Apache Commons Daemon procrun (1.2.3.0 64-bit) started.
[2020-11-30 10:11:24] [info]  [29880] Running Service 'Tomcat8'...
[2020-11-30 10:11:24] [info]  [36532] Starting service...
[2020-11-30 10:11:24] [error] [36532] Invalid RuntimeLib specified 'C:\Program Files\Java\jre1.8.0_261\bin\server\jvm.dll'
[2020-11-30 10:11:24] [error] [36532] 지정된 경로를 찾을 수 없습니다.
[2020-11-30 10:11:24] [error] [36532] Failed to load JVM DLL 'C:\Program Files\Java\jre1.8.0_261\bin\server\jvm.dll', home ''.
[2020-11-30 10:11:24] [error] [36532] 지정된 경로를 찾을 수 없습니다.
[2020-11-30 10:11:24] [error] [36532] Failed creating Java 'C:\Program Files\Java\jre1.8.0_261\bin\server\jvm.dll'.
[2020-11-30 10:11:24] [error] [36532] 지정된 경로를 찾을 수 없습니다.
[2020-11-30 10:11:24] [error] [36532] ServiceStart returned 1.
[2020-11-30 10:11:24] [error] [36532] 지정된 경로를 찾을 수 없습니다.
[2020-11-30 10:11:24] [info]  [29880] Run service finished.
[2020-11-30 10:11:24] [info]  [29880] Apache Commons Daemon procrun finished.
[2020-11-30 10:16:02] [info]  [23052] Apache Commons Daemon procrun (1.2.3.0 64-bit) started.
[2020-11-30 10:16:02] [info]  [23052] Running Service 'Tomcat8'...
[2020-11-30 10:16:02] [info]  [46944] Starting service...
[2020-11-30 10:16:02] [error] [46944] Invalid RuntimeLib specified 'C:\Program Files\Java\jre1.8.0_261\bin\server\jvm.dll'
[2020-11-30 10:16:02] [error] [46944] 지정된 경로를 찾을 수 없습니다.
[2020-11-30 10:16:02] [error] [46944] Failed to load JVM DLL 'C:\Program Files\Java\jre1.8.0_261\bin\server\jvm.dll', home ''.
[2020-11-30 10:16:02] [error] [46944] 지정된 경로를 찾을 수 없습니다.
[2020-11-30 10:16:02] [error] [46944] Failed creating Java 'C:\Program Files\Java\jre1.8.0_261\bin\server\jvm.dll'.
[2020-11-30 10:16:02] [error] [46944] 지정된 경로를 찾을 수 없습니다.
[2020-11-30 10:16:02] [error] [46944] ServiceStart returned 1.
[2020-11-30 10:16:02] [error] [46944] 지정된 경로를 찾을 수 없습니다.
[2020-11-30 10:16:02] [info]  [23052] Run service finished.
[2020-11-30 10:16:02] [info]  [23052] Apache Commons Daemon procrun finished.
[2020-11-30 10:16:13] [info]  [11996] Apache Commons Daemon procrun (1.2.3.0 64-bit) started.
[2020-11-30 10:16:13] [info]  [11996] Debugging 'Tomcat8' service...
[2020-11-30 10:16:13] [info]  [11996] Starting service...
[2020-11-30 10:16:13] [error] [11996] Invalid RuntimeLib specified 'C:\Program Files\Java\jre1.8.0_261\bin\server\jvm.dll'
[2020-11-30 10:16:13] [error] [11996] 지정된 경로를 찾을 수 없습니다.
[2020-11-30 10:16:13] [error] [11996] Failed to load JVM DLL 'C:\Program Files\Java\jre1.8.0_261\bin\server\jvm.dll', home ''.
[2020-11-30 10:16:13] [error] [11996] 지정된 경로를 찾을 수 없습니다.
[2020-11-30 10:16:13] [error] [11996] Failed creating Java 'C:\Program Files\Java\jre1.8.0_261\bin\server\jvm.dll'.
[2020-11-30 10:16:13] [error] [11996] 지정된 경로를 찾을 수 없습니다.
[2020-11-30 10:16:13] [error] [11996] ServiceStart returned 1.
[2020-11-30 10:16:13] [error] [11996] 지정된 경로를 찾을 수 없습니다.
[2020-11-30 10:16:13] [info]  [11996] Debug service finished with exit code 1.
[2020-11-30 10:16:13] [error] [11996] Apache Commons Daemon procrun failed with exit value: 3 (failed to run service as console application).
[2020-11-30 10:16:14] [error] [11996] 지정된 경로를 찾을 수 없습니다.
[2020-11-30 10:25:37] [info]  [22444] Apache Commons Daemon procrun (1.2.3.0 64-bit) started.
[2020-11-30 10:25:37] [info]  [22444] Running Service 'Tomcat8'...
[2020-11-30 10:25:37] [info]  [27524] Starting service...
[2020-11-30 10:25:37] [error] [27524] Invalid RuntimeLib specified 'C:\Program Files\Java\jre1.8.0_261\bin\server\jvm.dll'
[2020-11-30 10:25:37] [error] [27524] 지정된 경로를 찾을 수 없습니다.
[2020-11-30 10:25:37] [error] [27524] Failed to load JVM DLL 'C:\Program Files\Java\jre1.8.0_261\bin\server\jvm.dll', home ''.
[2020-11-30 10:25:37] [error] [27524] 지정된 경로를 찾을 수 없습니다.
[2020-11-30 10:25:37] [error] [27524] Failed creating Java 'C:\Program Files\Java\jre1.8.0_261\bin\server\jvm.dll'.
[2020-11-30 10:25:37] [error] [27524] 지정된 경로를 찾을 수 없습니다.
[2020-11-30 10:25:37] [error] [27524] ServiceStart returned 1.
[2020-11-30 10:25:37] [error] [27524] 지정된 경로를 찾을 수 없습니다.
[2020-11-30 10:25:37] [info]  [22444] Run service finished.
[2020-11-30 10:25:37] [info]  [22444] Apache Commons Daemon procrun finished.
